\BOOKMARK [1][-]{section.1}{Introduction}{}% 1
\BOOKMARK [1][-]{section.2}{Problem Definition and Decision-Making Setting}{}% 2
\BOOKMARK [1][-]{section.3}{Optimization Model for Building-Battery System}{}% 3
\BOOKMARK [2][-]{subsection.3.1}{Deterministic Setting}{section.3}% 4
\BOOKMARK [3][-]{subsubsection.3.1.1}{Sets used in the model}{subsection.3.1}% 5
\BOOKMARK [3][-]{subsubsection.3.1.2}{Time discretization used in the model}{subsection.3.1}% 6
\BOOKMARK [3][-]{subsubsection.3.1.3}{Parameters in the model:}{subsection.3.1}% 7
\BOOKMARK [3][-]{subsubsection.3.1.4}{Variables in the model:}{subsection.3.1}% 8
\BOOKMARK [3][-]{subsubsection.3.1.5}{Constraints and objective function}{subsection.3.1}% 9
\BOOKMARK [2][-]{subsection.3.2}{Optimization Under Uncertainty}{section.3}% 10
\BOOKMARK [3][-]{subsubsection.3.2.1}{Sets used in the model}{subsection.3.2}% 11
\BOOKMARK [3][-]{subsubsection.3.2.2}{Time discretization used in the model}{subsection.3.2}% 12
\BOOKMARK [3][-]{subsubsection.3.2.3}{Parameters in the model:}{subsection.3.2}% 13
\BOOKMARK [3][-]{subsubsection.3.2.4}{Variables in the model:}{subsection.3.2}% 14
\BOOKMARK [3][-]{subsubsection.3.2.5}{Constraints and objective function}{subsection.3.2}% 15
\BOOKMARK [1][-]{section.4}{Computational Experiments}{}% 16
\BOOKMARK [2][-]{subsection.4.1}{Full Problem}{section.4}% 17
\BOOKMARK [3][-]{subsubsection.4.1.1}{Upper Bound from Mean Value Problem}{subsection.4.1}% 18
\BOOKMARK [3][-]{subsubsection.4.1.2}{Estimating Bounds with Perfect Information}{subsection.4.1}% 19
\BOOKMARK [3][-]{subsubsection.4.1.3}{Estimating Bounds with Two-Stage Approximation: Restriction}{subsection.4.1}% 20
\BOOKMARK [2][-]{subsection.4.2}{Receding Horizon Heuristic}{section.4}% 21
\BOOKMARK [2][-]{subsection.4.3}{Stochastic Dual Dynamic Programming}{section.4}% 22
\BOOKMARK [1][-]{section.5}{Conclusions}{}% 23
\BOOKMARK [1][-]{section.6}{Future Work}{}% 24
\BOOKMARK [2][-]{subsection.6.1}{Price Uncertainty}{section.6}% 25
\BOOKMARK [2][-]{subsection.6.2}{Three Layer Markets}{section.6}% 26
