This is pdfTeX, Version 3.14159265-2.6-1.40.17 (TeX Live 2016) (preloaded format=pdflatex 2016.8.2)  18 DEC 2016 18:55
entering extended mode
 restricted \write18 enabled.
 %&-line parsing enabled.
**cs719_project.tex
(./cs719_project.tex
LaTeX2e <2016/03/31> patch level 3
Babel <3.9r> and hyphenation patterns for 83 language(s) loaded.
(/usr/local/texlive/2016/texmf-dist/tex/latex/base/article.cls
Document Class: article 2014/09/29 v1.4h Standard LaTeX document class
(/usr/local/texlive/2016/texmf-dist/tex/latex/base/size11.clo
File: size11.clo 2014/09/29 v1.4h Standard LaTeX file (size option)
)
\c@part=\count79
\c@section=\count80
\c@subsection=\count81
\c@subsubsection=\count82
\c@paragraph=\count83
\c@subparagraph=\count84
\c@figure=\count85
\c@table=\count86
\abovecaptionskip=\skip41
\belowcaptionskip=\skip42
\bibindent=\dimen102
)
(/usr/local/texlive/2016/texmf-dist/tex/latex/graphics/epsfig.sty
Package: epsfig 1999/02/16 v1.7a (e)psfig emulation (SPQR)

(/usr/local/texlive/2016/texmf-dist/tex/latex/graphics/graphicx.sty
Package: graphicx 2014/10/28 v1.0g Enhanced LaTeX Graphics (DPC,SPQR)

(/usr/local/texlive/2016/texmf-dist/tex/latex/graphics/keyval.sty
Package: keyval 2014/10/28 v1.15 key=value parser (DPC)
\KV@toks@=\toks14
)
(/usr/local/texlive/2016/texmf-dist/tex/latex/graphics/graphics.sty
Package: graphics 2016/07/10 v1.0t Standard LaTeX Graphics (DPC,SPQR)

(/usr/local/texlive/2016/texmf-dist/tex/latex/graphics/trig.sty
Package: trig 2016/01/03 v1.10 sin cos tan (DPC)
)
(/usr/local/texlive/2016/texmf-dist/tex/latex/graphics-cfg/graphics.cfg
File: graphics.cfg 2016/06/04 v1.11 sample graphics configuration
)
Package graphics Info: Driver file: pdftex.def on input line 99.

(/usr/local/texlive/2016/texmf-dist/tex/latex/graphics-def/pdftex.def
File: pdftex.def 2016/07/10 v0.06j Graphics/color for pdfTeX

(/usr/local/texlive/2016/texmf-dist/tex/generic/oberdiek/infwarerr.sty
Package: infwarerr 2016/05/16 v1.4 Providing info/warning/error messages (HO)
)
(/usr/local/texlive/2016/texmf-dist/tex/generic/oberdiek/ltxcmds.sty
Package: ltxcmds 2016/05/16 v1.23 LaTeX kernel commands for general use (HO)
)
\Gread@gobject=\count87
))
\Gin@req@height=\dimen103
\Gin@req@width=\dimen104
)
\epsfxsize=\dimen105
\epsfysize=\dimen106
)
(/usr/local/texlive/2016/texmf-dist/tex/latex/amsfonts/amsfonts.sty
Package: amsfonts 2013/01/14 v3.01 Basic AMSFonts support
\@emptytoks=\toks15
\symAMSa=\mathgroup4
\symAMSb=\mathgroup5
LaTeX Font Info:    Overwriting math alphabet `\mathfrak' in version `bold'
(Font)                  U/euf/m/n --> U/euf/b/n on input line 106.
)
(/usr/local/texlive/2016/texmf-dist/tex/latex/graphics/color.sty
Package: color 2016/07/10 v1.1e Standard LaTeX Color (DPC)

(/usr/local/texlive/2016/texmf-dist/tex/latex/graphics-cfg/color.cfg
File: color.cfg 2016/01/02 v1.6 sample color configuration
)
Package color Info: Driver file: pdftex.def on input line 147.
)
(/usr/local/texlive/2016/texmf-dist/tex/latex/amsmath/amsmath.sty
Package: amsmath 2016/06/28 v2.15d AMS math features
\@mathmargin=\skip43

For additional information on amsmath, use the `?' option.
(/usr/local/texlive/2016/texmf-dist/tex/latex/amsmath/amstext.sty
Package: amstext 2000/06/29 v2.01 AMS text

(/usr/local/texlive/2016/texmf-dist/tex/latex/amsmath/amsgen.sty
File: amsgen.sty 1999/11/30 v2.0 generic functions
\@emptytoks=\toks16
\ex@=\dimen107
))
(/usr/local/texlive/2016/texmf-dist/tex/latex/amsmath/amsbsy.sty
Package: amsbsy 1999/11/29 v1.2d Bold Symbols
\pmbraise@=\dimen108
)
(/usr/local/texlive/2016/texmf-dist/tex/latex/amsmath/amsopn.sty
Package: amsopn 2016/03/08 v2.02 operator names
)
\inf@bad=\count88
LaTeX Info: Redefining \frac on input line 199.
\uproot@=\count89
\leftroot@=\count90
LaTeX Info: Redefining \overline on input line 297.
\classnum@=\count91
\DOTSCASE@=\count92
LaTeX Info: Redefining \ldots on input line 394.
LaTeX Info: Redefining \dots on input line 397.
LaTeX Info: Redefining \cdots on input line 518.
\Mathstrutbox@=\box26
\strutbox@=\box27
\big@size=\dimen109
LaTeX Font Info:    Redeclaring font encoding OML on input line 634.
LaTeX Font Info:    Redeclaring font encoding OMS on input line 635.
\macc@depth=\count93
\c@MaxMatrixCols=\count94
\dotsspace@=\muskip10
\c@parentequation=\count95
\dspbrk@lvl=\count96
\tag@help=\toks17
\row@=\count97
\column@=\count98
\maxfields@=\count99
\andhelp@=\toks18
\eqnshift@=\dimen110
\alignsep@=\dimen111
\tagshift@=\dimen112
\tagwidth@=\dimen113
\totwidth@=\dimen114
\lineht@=\dimen115
\@envbody=\toks19
\multlinegap=\skip44
\multlinetaggap=\skip45
\mathdisplay@stack=\toks20
LaTeX Info: Redefining \[ on input line 2739.
LaTeX Info: Redefining \] on input line 2740.
)
(/usr/local/texlive/2016/texmf-dist/tex/latex/amsfonts/amssymb.sty
Package: amssymb 2013/01/14 v3.01 AMS font symbols
)
(/usr/local/texlive/2016/texmf-dist/tex/latex/psnfss/palatino.sty
Package: palatino 2005/04/12 PSNFSS-v9.2a (SPQR) 
)
(/usr/local/texlive/2016/texmf-dist/tex/latex/geometry/geometry.sty
Package: geometry 2010/09/12 v5.6 Page Geometry

(/usr/local/texlive/2016/texmf-dist/tex/generic/oberdiek/ifpdf.sty
Package: ifpdf 2016/05/14 v3.1 Provides the ifpdf switch
)
(/usr/local/texlive/2016/texmf-dist/tex/generic/oberdiek/ifvtex.sty
Package: ifvtex 2016/05/16 v1.6 Detect VTeX and its facilities (HO)
Package ifvtex Info: VTeX not detected.
)
(/usr/local/texlive/2016/texmf-dist/tex/generic/ifxetex/ifxetex.sty
Package: ifxetex 2010/09/12 v0.6 Provides ifxetex conditional
)
\Gm@cnth=\count100
\Gm@cntv=\count101
\c@Gm@tempcnt=\count102
\Gm@bindingoffset=\dimen116
\Gm@wd@mp=\dimen117
\Gm@odd@mp=\dimen118
\Gm@even@mp=\dimen119
\Gm@layoutwidth=\dimen120
\Gm@layoutheight=\dimen121
\Gm@layouthoffset=\dimen122
\Gm@layoutvoffset=\dimen123
\Gm@dimlist=\toks21
)
(/usr/local/texlive/2016/texmf-dist/tex/latex/url/url.sty
\Urlmuskip=\muskip11
Package: url 2013/09/16  ver 3.4  Verb mode for urls, etc.
)
(/usr/local/texlive/2016/texmf-dist/tex/latex/algorithms/algorithmic.sty
Package: algorithmic 2009/08/24 v0.1 Document Style `algorithmic'

(/usr/local/texlive/2016/texmf-dist/tex/latex/base/ifthen.sty
Package: ifthen 2014/09/29 v1.1c Standard LaTeX ifthen package (DPC)
)
\c@ALC@unique=\count103
\c@ALC@line=\count104
\c@ALC@rem=\count105
\c@ALC@depth=\count106
\ALC@tlm=\skip46
\algorithmicindent=\skip47
)
(/usr/local/texlive/2016/texmf-dist/tex/latex/algorithm2e/algorithm2e.sty
Package: algorithm2e 2013/01/06 v5.00 algorithms environments
\c@AlgoLine=\count107
\algocf@hangindent=\skip48

(/usr/local/texlive/2016/texmf-dist/tex/latex/tools/xspace.sty
Package: xspace 2014/10/28 v1.13 Space after command names (DPC,MH)
)
(/usr/local/texlive/2016/texmf-dist/tex/latex/relsize/relsize.sty
Package: relsize 2013/03/29 ver 4.1
)
********************************************************
Package `algorithm2e' Release 5.1 -- october 19 2015 --
- algorithm2e-announce@lirmm.fr mailing list for announcement about releases
- algorithm2e-discussion@lirmm.fr mailing list for discussion about package
subscribe by emailing sympa@lirmm.fr with 'subscribe <list> <firstname name>'
- Author: Christophe Fiorio (christophe.fiorio@umontpellier.fr)
********************************************************
\skiptotal=\skip49
\skiplinenumber=\skip50
\skiprule=\skip51
\skiphlne=\skip52
\skiptext=\skip53
\skiplength=\skip54
\algomargin=\skip55
\skipalgocfslide=\skip56
\algowidth=\dimen124
\inoutsize=\dimen125
\inoutindent=\dimen126
\interspacetitleruled=\dimen127
\interspacealgoruled=\dimen128
\interspacetitleboxruled=\dimen129
\algocf@ruledwidth=\skip57
\algocf@inoutbox=\box28
\algocf@inputbox=\box29
\AlCapSkip=\skip58
\AlCapHSkip=\skip59
\algoskipindent=\skip60
\algocf@nlbox=\box30
\algocf@hangingbox=\box31
\algocf@untilbox=\box32
\algocf@skipuntil=\skip61
\algocf@capbox=\box33
\algoheightruledefault=\skip62
\algoheightrule=\skip63
\algotitleheightruledefault=\skip64
\algotitleheightrule=\skip65
\c@algocfline=\count108
\c@algocfproc=\count109
\c@algocf=\count110
\algocf@algoframe=\box34
\algocf@algobox=\box35
) (/usr/local/texlive/2016/texmf-dist/tex/latex/hyperref/hyperref.sty
Package: hyperref 2016/06/24 v6.83q Hypertext links for LaTeX

(/usr/local/texlive/2016/texmf-dist/tex/generic/oberdiek/hobsub-hyperref.sty
Package: hobsub-hyperref 2016/05/16 v1.14 Bundle oberdiek, subset hyperref (HO)


(/usr/local/texlive/2016/texmf-dist/tex/generic/oberdiek/hobsub-generic.sty
Package: hobsub-generic 2016/05/16 v1.14 Bundle oberdiek, subset generic (HO)
Package: hobsub 2016/05/16 v1.14 Construct package bundles (HO)
Package hobsub Info: Skipping package `infwarerr' (already loaded).
Package hobsub Info: Skipping package `ltxcmds' (already loaded).
Package: ifluatex 2016/05/16 v1.4 Provides the ifluatex switch (HO)
Package ifluatex Info: LuaTeX not detected.
Package hobsub Info: Skipping package `ifvtex' (already loaded).
Package: intcalc 2016/05/16 v1.2 Expandable calculations with integers (HO)
Package hobsub Info: Skipping package `ifpdf' (already loaded).
Package: etexcmds 2016/05/16 v1.6 Avoid name clashes with e-TeX commands (HO)
Package etexcmds Info: Could not find \expanded.
(etexcmds)             That can mean that you are not using pdfTeX 1.50 or
(etexcmds)             that some package has redefined \expanded.
(etexcmds)             In the latter case, load this package earlier.
Package: kvsetkeys 2016/05/16 v1.17 Key value parser (HO)
Package: kvdefinekeys 2016/05/16 v1.4 Define keys (HO)
Package: pdftexcmds 2016/05/21 v0.22 Utility functions of pdfTeX for LuaTeX (HO
)
Package pdftexcmds Info: LuaTeX not detected.
Package pdftexcmds Info: \pdf@primitive is available.
Package pdftexcmds Info: \pdf@ifprimitive is available.
Package pdftexcmds Info: \pdfdraftmode found.
Package: pdfescape 2016/05/16 v1.14 Implements pdfTeX's escape features (HO)
Package: bigintcalc 2016/05/16 v1.4 Expandable calculations on big integers (HO
)
Package: bitset 2016/05/16 v1.2 Handle bit-vector datatype (HO)
Package: uniquecounter 2016/05/16 v1.3 Provide unlimited unique counter (HO)
)
Package hobsub Info: Skipping package `hobsub' (already loaded).
Package: letltxmacro 2016/05/16 v1.5 Let assignment for LaTeX macros (HO)
Package: hopatch 2016/05/16 v1.3 Wrapper for package hooks (HO)
Package: xcolor-patch 2016/05/16 xcolor patch
Package: atveryend 2016/05/16 v1.9 Hooks at the very end of document (HO)
Package atveryend Info: \enddocument detected (standard20110627).
Package: atbegshi 2016/06/09 v1.18 At begin shipout hook (HO)
Package: refcount 2016/05/16 v3.5 Data extraction from label references (HO)
Package: hycolor 2016/05/16 v1.8 Color options for hyperref/bookmark (HO)
)
(/usr/local/texlive/2016/texmf-dist/tex/latex/oberdiek/auxhook.sty
Package: auxhook 2016/05/16 v1.4 Hooks for auxiliary files (HO)
)
(/usr/local/texlive/2016/texmf-dist/tex/latex/oberdiek/kvoptions.sty
Package: kvoptions 2016/05/16 v3.12 Key value format for package options (HO)
)
\@linkdim=\dimen130
\Hy@linkcounter=\count111
\Hy@pagecounter=\count112

(/usr/local/texlive/2016/texmf-dist/tex/latex/hyperref/pd1enc.def
File: pd1enc.def 2016/06/24 v6.83q Hyperref: PDFDocEncoding definition (HO)
)
\Hy@SavedSpaceFactor=\count113

(/usr/local/texlive/2016/texmf-dist/tex/latex/latexconfig/hyperref.cfg
File: hyperref.cfg 2002/06/06 v1.2 hyperref configuration of TeXLive
)
Package hyperref Info: Option `colorlinks' set `true' on input line 4362.
Package hyperref Info: Hyper figures OFF on input line 4486.
Package hyperref Info: Link nesting OFF on input line 4491.
Package hyperref Info: Hyper index ON on input line 4494.
Package hyperref Info: Plain pages OFF on input line 4501.
Package hyperref Info: Backreferencing OFF on input line 4506.
Package hyperref Info: Implicit mode ON; LaTeX internals redefined.
Package hyperref Info: Bookmarks ON on input line 4735.
\c@Hy@tempcnt=\count114
LaTeX Info: Redefining \url on input line 5088.
\XeTeXLinkMargin=\dimen131
\Fld@menulength=\count115
\Field@Width=\dimen132
\Fld@charsize=\dimen133
Package hyperref Info: Hyper figures OFF on input line 6342.
Package hyperref Info: Link nesting OFF on input line 6347.
Package hyperref Info: Hyper index ON on input line 6350.
Package hyperref Info: backreferencing OFF on input line 6357.
Package hyperref Info: Link coloring ON on input line 6360.
Package hyperref Info: Link coloring with OCG OFF on input line 6367.
Package hyperref Info: PDF/A mode OFF on input line 6372.
LaTeX Info: Redefining \ref on input line 6412.
LaTeX Info: Redefining \pageref on input line 6416.
\Hy@abspage=\count116
\c@Item=\count117
\c@Hfootnote=\count118
)

Package hyperref Message: Driver (autodetected): hpdftex.

(/usr/local/texlive/2016/texmf-dist/tex/latex/hyperref/hpdftex.def
File: hpdftex.def 2016/06/24 v6.83q Hyperref driver for pdfTeX
\Fld@listcount=\count119
\c@bookmark@seq@number=\count120

(/usr/local/texlive/2016/texmf-dist/tex/latex/oberdiek/rerunfilecheck.sty
Package: rerunfilecheck 2016/05/16 v1.8 Rerun checks for auxiliary files (HO)
Package uniquecounter Info: New unique counter `rerunfilecheck' on input line 2
82.
)
\Hy@SectionHShift=\skip66
)
(/usr/local/texlive/2016/texmf-dist/tex/latex/fancyhdr/fancyhdr.sty
Package: fancyhdr 2016/09/06 3.8 Extensive control of page headers and footers
\fancy@headwidth=\skip67
\f@ncyO@elh=\skip68
\f@ncyO@erh=\skip69
\f@ncyO@olh=\skip70
\f@ncyO@orh=\skip71
\f@ncyO@elf=\skip72
\f@ncyO@erf=\skip73
\f@ncyO@olf=\skip74
\f@ncyO@orf=\skip75
)
(/usr/local/texlive/2016/texmf-dist/tex/latex/tools/enumerate.sty
Package: enumerate 2015/07/23 v3.00 enumerate extensions (DPC)
\@enLab=\toks22
)
(/usr/local/texlive/2016/texmf-dist/tex/latex/float/float.sty
Package: float 2001/11/08 v1.3d Float enhancements (AL)
\c@float@type=\count121
\float@exts=\toks23
\float@box=\box36
\@float@everytoks=\toks24
\@floatcapt=\box37
)
(/usr/local/texlive/2016/texmf-dist/tex/latex/caption/subcaption.sty
Package: subcaption 2016/05/22 v1.1-161 Sub-captions (AR)

(/usr/local/texlive/2016/texmf-dist/tex/latex/caption/caption.sty
Package: caption 2016/02/21 v3.3-144 Customizing captions (AR)

(/usr/local/texlive/2016/texmf-dist/tex/latex/caption/caption3.sty
Package: caption3 2016/05/22 v1.7-166 caption3 kernel (AR)
Package caption3 Info: TeX engine: e-TeX on input line 67.
\captionmargin=\dimen134
\captionmargin@=\dimen135
\captionwidth=\dimen136
\caption@tempdima=\dimen137
\caption@indent=\dimen138
\caption@parindent=\dimen139
\caption@hangindent=\dimen140
)
\c@ContinuedFloat=\count122
Package caption Info: float package is loaded.
Package caption Info: hyperref package is loaded.
)
\c@subfigure=\count123
\c@subtable=\count124
)
(build/cs719_project.aux)
\openout1 = `cs719_project.aux'.

LaTeX Font Info:    Checking defaults for OML/cmm/m/it on input line 40.
LaTeX Font Info:    ... okay on input line 40.
LaTeX Font Info:    Checking defaults for T1/cmr/m/n on input line 40.
LaTeX Font Info:    ... okay on input line 40.
LaTeX Font Info:    Checking defaults for OT1/cmr/m/n on input line 40.
LaTeX Font Info:    ... okay on input line 40.
LaTeX Font Info:    Checking defaults for OMS/cmsy/m/n on input line 40.
LaTeX Font Info:    ... okay on input line 40.
LaTeX Font Info:    Checking defaults for OMX/cmex/m/n on input line 40.
LaTeX Font Info:    ... okay on input line 40.
LaTeX Font Info:    Checking defaults for U/cmr/m/n on input line 40.
LaTeX Font Info:    ... okay on input line 40.
LaTeX Font Info:    Checking defaults for PD1/pdf/m/n on input line 40.
LaTeX Font Info:    ... okay on input line 40.
LaTeX Font Info:    Try loading font information for OT1+ppl on input line 40.

(/usr/local/texlive/2016/texmf-dist/tex/latex/psnfss/ot1ppl.fd
File: ot1ppl.fd 2001/06/04 font definitions for OT1/ppl.
)
(/usr/local/texlive/2016/texmf-dist/tex/context/base/mkii/supp-pdf.mkii
[Loading MPS to PDF converter (version 2006.09.02).]
\scratchcounter=\count125
\scratchdimen=\dimen141
\scratchbox=\box38
\nofMPsegments=\count126
\nofMParguments=\count127
\everyMPshowfont=\toks25
\MPscratchCnt=\count128
\MPscratchDim=\dimen142
\MPnumerator=\count129
\makeMPintoPDFobject=\count130
\everyMPtoPDFconversion=\toks26
) (/usr/local/texlive/2016/texmf-dist/tex/latex/oberdiek/epstopdf-base.sty
Package: epstopdf-base 2016/05/15 v2.6 Base part for package epstopdf

(/usr/local/texlive/2016/texmf-dist/tex/latex/oberdiek/grfext.sty
Package: grfext 2016/05/16 v1.2 Manage graphics extensions (HO)
)
Package epstopdf-base Info: Redefining graphics rule for `.eps' on input line 4
38.
Package grfext Info: Graphics extension search list:
(grfext)             [.png,.pdf,.jpg,.mps,.jpeg,.jbig2,.jb2,.PNG,.PDF,.JPG,.JPE
G,.JBIG2,.JB2,.eps]
(grfext)             \AppendGraphicsExtensions on input line 456.

(/usr/local/texlive/2016/texmf-dist/tex/latex/latexconfig/epstopdf-sys.cfg
File: epstopdf-sys.cfg 2010/07/13 v1.3 Configuration of (r)epstopdf for TeX Liv
e
))
*geometry* driver: auto-detecting
*geometry* detected driver: pdftex
*geometry* verbose mode - [ preamble ] result:
* driver: pdftex
* paper: letterpaper
* layout: <same size as paper>
* layoutoffset:(h,v)=(0.0pt,0.0pt)
* modes: twoside 
* h-part:(L,W,R)=(65.04256pt, 484.20988pt, 65.04256pt)
* v-part:(T,H,B)=(65.04256pt, 664.88487pt, 65.04256pt)
* \paperwidth=614.295pt
* \paperheight=794.96999pt
* \textwidth=484.20988pt
* \textheight=664.88487pt
* \oddsidemargin=-7.22743pt
* \evensidemargin=-7.22743pt
* \topmargin=-44.22743pt
* \headheight=12.0pt
* \headsep=25.0pt
* \topskip=11.0pt
* \footskip=30.0pt
* \marginparwidth=113.0pt
* \marginparsep=10.0pt
* \columnsep=10.0pt
* \skip\footins=10.0pt plus 4.0pt minus 2.0pt
* \hoffset=0.0pt
* \voffset=0.0pt
* \mag=1000
* \@twocolumnfalse
* \@twosidetrue
* \@mparswitchtrue
* \@reversemarginfalse
* (1in=72.27pt=25.4mm, 1cm=28.453pt)

\AtBeginShipoutBox=\box39
Package hyperref Info: Link coloring ON on input line 40.
(/usr/local/texlive/2016/texmf-dist/tex/latex/hyperref/nameref.sty
Package: nameref 2016/05/21 v2.44 Cross-referencing by name of section

(/usr/local/texlive/2016/texmf-dist/tex/generic/oberdiek/gettitlestring.sty
Package: gettitlestring 2016/05/16 v1.5 Cleanup title references (HO)
)
\c@section@level=\count131
)
LaTeX Info: Redefining \ref on input line 40.
LaTeX Info: Redefining \pageref on input line 40.
LaTeX Info: Redefining \nameref on input line 40.

(build/cs719_project.out) (build/cs719_project.out)
\@outlinefile=\write3
\openout3 = `cs719_project.out'.

Package caption Info: Begin \AtBeginDocument code.
Package caption Info: End \AtBeginDocument code.
LaTeX Font Info:    Try loading font information for U+msa on input line 42.

(/usr/local/texlive/2016/texmf-dist/tex/latex/amsfonts/umsa.fd
File: umsa.fd 2013/01/14 v3.01 AMS symbols A
)
LaTeX Font Info:    Try loading font information for U+msb on input line 42.

(/usr/local/texlive/2016/texmf-dist/tex/latex/amsfonts/umsb.fd
File: umsb.fd 2013/01/14 v3.01 AMS symbols B
)
LaTeX Font Info:    Font shape `OT1/ppl/bx/n' in size <14.4> not available
(Font)              Font shape `OT1/ppl/b/n' tried instead on input line 43.

<Figures/damprices.pdf, id=41, 578.16pt x 433.62pt>
File: Figures/damprices.pdf Graphic file (type pdf)

<use Figures/damprices.pdf>
Package pdftex.def Info: Figures/damprices.pdf used on input line 49.
(pdftex.def)             Requested size: 154.9507pt x 116.2122pt.

<Figures/qhmprices.pdf, id=42, 578.16pt x 433.62pt>
File: Figures/qhmprices.pdf Graphic file (type pdf)

<use Figures/qhmprices.pdf>
Package pdftex.def Info: Figures/qhmprices.pdf used on input line 50.
(pdftex.def)             Requested size: 154.9507pt x 116.2122pt.

<Figures/rtmprices.pdf, id=43, 578.16pt x 433.62pt>
File: Figures/rtmprices.pdf Graphic file (type pdf)

<use Figures/rtmprices.pdf>
Package pdftex.def Info: Figures/rtmprices.pdf used on input line 51.
(pdftex.def)             Requested size: 154.9507pt x 116.2122pt.

<Figures/DAM_Reg_Price.pdf, id=45, 578.16pt x 433.62pt>
File: Figures/DAM_Reg_Price.pdf Graphic file (type pdf)

<use Figures/DAM_Reg_Price.pdf>
Package pdftex.def Info: Figures/DAM_Reg_Price.pdf used on input line 59.
(pdftex.def)             Requested size: 237.2655pt x 177.94414pt.

<Figures/QHM_Reg_Price.pdf, id=46, 578.16pt x 433.62pt>
File: Figures/QHM_Reg_Price.pdf Graphic file (type pdf)

<use Figures/QHM_Reg_Price.pdf>
Package pdftex.def Info: Figures/QHM_Reg_Price.pdf used on input line 60.
(pdftex.def)             Requested size: 237.2655pt x 177.94414pt.
 [1

{/usr/local/texlive/2016/texmf-var/fonts/map/pdftex/updmap/pdftex.map} <./Figur
es/damprices.pdf> <./Figures/qhmprices.pdf

pdfTeX warning: /usr/local/texlive/2016/bin/x86_64-darwin/pdflatex (file ./Figu
res/qhmprices.pdf): PDF inclusion: multiple pdfs with page group included in a 
single page
> <./Figures/rtmprices.pdf

pdfTeX warning: /usr/local/texlive/2016/bin/x86_64-darwin/pdflatex (file ./Figu
res/rtmprices.pdf): PDF inclusion: multiple pdfs with page group included in a 
single page
>] <Figures/model.pdf, id=160, 285.065pt x 285.065pt>
File: Figures/model.pdf Graphic file (type pdf)
 <use Figures/model.pdf>
Package pdftex.def Info: Figures/model.pdf used on input line 76.
(pdftex.def)             Requested size: 216.81pt x 216.80823pt.

Underfull \hbox (badness 10000) in paragraph at lines 73--80

 []

LaTeX Font Info:    Font shape `OT1/ppl/bx/n' in size <10.95> not available
(Font)              Font shape `OT1/ppl/b/n' tried instead on input line 82.
[2 <./Figures/DAM_Reg_Price.pdf> <./Figures/QHM_Reg_Price.pdf

pdfTeX warning: /usr/local/texlive/2016/bin/x86_64-darwin/pdflatex (file ./Figu
res/QHM_Reg_Price.pdf): PDF inclusion: multiple pdfs with page group included i
n a single page
>]
Underfull \hbox (badness 10000) in paragraph at lines 84--87

 []

[3 <./Figures/model.pdf>]
<Figures/regexample.pdf, id=331, 285.065pt x 142.5325pt>
File: Figures/regexample.pdf Graphic file (type pdf)

<use Figures/regexample.pdf>
Package pdftex.def Info: Figures/regexample.pdf used on input line 146.
(pdftex.def)             Requested size: 325.215pt x 162.60834pt.
 [4 <./Figures/regexample.pdf>]
LaTeX Font Info:    Font shape `OT1/ppl/bx/n' in size <12> not available
(Font)              Font shape `OT1/ppl/b/n' tried instead on input line 158.
LaTeX Font Info:    Try loading font information for OMS+ppl on input line 161.


(/usr/local/texlive/2016/texmf-dist/tex/latex/psnfss/omsppl.fd
File: omsppl.fd 
)
LaTeX Font Info:    Font shape `OMS/ppl/m/n' in size <10.95> not available
(Font)              Font shape `OMS/cmsy/m/n' tried instead on input line 161.

<Figures/Plots/Simultaneous/DAM_P.pdf, id=376, 1156.32pt x 607.068pt>
File: Figures/Plots/Simultaneous/DAM_P.pdf Graphic file (type pdf)

<use Figures/Plots/Simultaneous/DAM_P.pdf>
Package pdftex.def Info: Figures/Plots/Simultaneous/DAM_P.pdf used on input lin
e 176.
(pdftex.def)             Requested size: 237.2655pt x 124.5609pt.

<Figures/Plots/Simultaneous/QHM_P.pdf, id=377, 1156.32pt x 607.068pt>
File: Figures/Plots/Simultaneous/QHM_P.pdf Graphic file (type pdf)

<use Figures/Plots/Simultaneous/QHM_P.pdf>
Package pdftex.def Info: Figures/Plots/Simultaneous/QHM_P.pdf used on input lin
e 177.
(pdftex.def)             Requested size: 237.2655pt x 124.5609pt.

<Figures/Plots/Simultaneous/RTM_P.pdf, id=378, 1156.32pt x 607.068pt>
File: Figures/Plots/Simultaneous/RTM_P.pdf Graphic file (type pdf)

<use Figures/Plots/Simultaneous/RTM_P.pdf>
Package pdftex.def Info: Figures/Plots/Simultaneous/RTM_P.pdf used on input lin
e 178.
(pdftex.def)             Requested size: 237.2655pt x 124.5609pt.

<Figures/Plots/Simultaneous/DAM_Reg.pdf, id=379, 1156.32pt x 607.068pt>
File: Figures/Plots/Simultaneous/DAM_Reg.pdf Graphic file (type pdf)

<use Figures/Plots/Simultaneous/DAM_Reg.pdf>
Package pdftex.def Info: Figures/Plots/Simultaneous/DAM_Reg.pdf used on input l
ine 183.
(pdftex.def)             Requested size: 237.2655pt x 124.5609pt.

<Figures/Plots/Simultaneous/QHM_Reg.pdf, id=380, 1156.32pt x 607.068pt>
File: Figures/Plots/Simultaneous/QHM_Reg.pdf Graphic file (type pdf)

<use Figures/Plots/Simultaneous/QHM_Reg.pdf>
Package pdftex.def Info: Figures/Plots/Simultaneous/QHM_Reg.pdf used on input l
ine 184.
(pdftex.def)             Requested size: 237.2655pt x 124.5609pt.

<Figures/Plots/Simultaneous/SOC.pdf, id=381, 1156.32pt x 607.068pt>
File: Figures/Plots/Simultaneous/SOC.pdf Graphic file (type pdf)

<use Figures/Plots/Simultaneous/SOC.pdf>
Package pdftex.def Info: Figures/Plots/Simultaneous/SOC.pdf used on input line 
189.
(pdftex.def)             Requested size: 237.2655pt x 124.5609pt.

<Figures/Plots/Simultaneous/P_band.pdf, id=382, 749.87067pt x 368.32797pt>
File: Figures/Plots/Simultaneous/P_band.pdf Graphic file (type pdf)

<use Figures/Plots/Simultaneous/P_band.pdf>
Package pdftex.def Info: Figures/Plots/Simultaneous/P_band.pdf used on input li
ne 190.
(pdftex.def)             Requested size: 237.2655pt x 116.54097pt.

<Figures/Plots/Simultaneous/E_Rev.pdf, id=383, 1156.32pt x 607.068pt>
File: Figures/Plots/Simultaneous/E_Rev.pdf Graphic file (type pdf)

<use Figures/Plots/Simultaneous/E_Rev.pdf>
Package pdftex.def Info: Figures/Plots/Simultaneous/E_Rev.pdf used on input lin
e 195.
(pdftex.def)             Requested size: 237.2655pt x 124.5609pt.

<Figures/Plots/Simultaneous/Reg_Rev.pdf, id=384, 1156.32pt x 607.068pt>
File: Figures/Plots/Simultaneous/Reg_Rev.pdf Graphic file (type pdf)

<use Figures/Plots/Simultaneous/Reg_Rev.pdf>
Package pdftex.def Info: Figures/Plots/Simultaneous/Reg_Rev.pdf used on input l
ine 196.
(pdftex.def)             Requested size: 237.2655pt x 124.5609pt.

<Figures/Plots/Simultaneous/Tot_Rev.pdf, id=385, 1156.32pt x 607.068pt>
File: Figures/Plots/Simultaneous/Tot_Rev.pdf Graphic file (type pdf)

<use Figures/Plots/Simultaneous/Tot_Rev.pdf>
Package pdftex.def Info: Figures/Plots/Simultaneous/Tot_Rev.pdf used on input l
ine 197.
(pdftex.def)             Requested size: 237.2655pt x 124.5609pt.
 [5] [6 <./Figures/Plots/Simultaneous/DAM_P.pdf> <./Figures/Plots/Simultaneous/
QHM_P.pdf

pdfTeX warning: /usr/local/texlive/2016/bin/x86_64-darwin/pdflatex (file ./Figu
res/Plots/Simultaneous/QHM_P.pdf): PDF inclusion: multiple pdfs with page group
 included in a single page
> <./Figures/Plots/Simultaneous/RTM_P.pdf

pdfTeX warning: /usr/local/texlive/2016/bin/x86_64-darwin/pdflatex (file ./Figu
res/Plots/Simultaneous/RTM_P.pdf): PDF inclusion: multiple pdfs with page group
 included in a single page
> <./Figures/Plots/Simultaneous/DAM_Reg.pdf

pdfTeX warning: /usr/local/texlive/2016/bin/x86_64-darwin/pdflatex (file ./Figu
res/Plots/Simultaneous/DAM_Reg.pdf): PDF inclusion: multiple pdfs with page gro
up included in a single page
> <./Figures/Plots/Simultaneous/QHM_Reg.pdf

pdfTeX warning: /usr/local/texlive/2016/bin/x86_64-darwin/pdflatex (file ./Figu
res/Plots/Simultaneous/QHM_Reg.pdf): PDF inclusion: multiple pdfs with page gro
up included in a single page
>] [7 <./Figures/Plots/Simultaneous/SOC.pdf> <./Figures/Plots/Simultaneous/P_ba
nd.pdf, page is rotated 90 degrees> <./Figures/Plots/Simultaneous/E_Rev.pdf

pdfTeX warning: /usr/local/texlive/2016/bin/x86_64-darwin/pdflatex (file ./Figu
res/Plots/Simultaneous/E_Rev.pdf): PDF inclusion: multiple pdfs with page group
 included in a single page
> <./Figures/Plots/Simultaneous/Reg_Rev.pdf

pdfTeX warning: /usr/local/texlive/2016/bin/x86_64-darwin/pdflatex (file ./Figu
res/Plots/Simultaneous/Reg_Rev.pdf): PDF inclusion: multiple pdfs with page gro
up included in a single page
> <./Figures/Plots/Simultaneous/Tot_Rev.pdf

pdfTeX warning: /usr/local/texlive/2016/bin/x86_64-darwin/pdflatex (file ./Figu
res/Plots/Simultaneous/Tot_Rev.pdf): PDF inclusion: multiple pdfs with page gro
up included in a single page
>] <Figures/Plots/Horizon/DAM_P.pdf, id=753, 1156.32pt x 608.87473pt>
File: Figures/Plots/Horizon/DAM_P.pdf Graphic file (type pdf)

<use Figures/Plots/Horizon/DAM_P.pdf>
Package pdftex.def Info: Figures/Plots/Horizon/DAM_P.pdf used on input line 219
.
(pdftex.def)             Requested size: 237.2655pt x 124.93161pt.

<Figures/Plots/Horizon/QHM_P.pdf, id=754, 1156.32pt x 608.87473pt>
File: Figures/Plots/Horizon/QHM_P.pdf Graphic file (type pdf)

<use Figures/Plots/Horizon/QHM_P.pdf>
Package pdftex.def Info: Figures/Plots/Horizon/QHM_P.pdf used on input line 220
.
(pdftex.def)             Requested size: 237.2655pt x 124.93161pt.

<Figures/Plots/Horizon/RTM_P.pdf, id=755, 1156.32pt x 608.87473pt>
File: Figures/Plots/Horizon/RTM_P.pdf Graphic file (type pdf)

<use Figures/Plots/Horizon/RTM_P.pdf>
Package pdftex.def Info: Figures/Plots/Horizon/RTM_P.pdf used on input line 221
.
(pdftex.def)             Requested size: 237.2655pt x 124.93161pt.

<Figures/Plots/Horizon/DAM_Reg.pdf, id=756, 1156.32pt x 608.87473pt>
File: Figures/Plots/Horizon/DAM_Reg.pdf Graphic file (type pdf)

<use Figures/Plots/Horizon/DAM_Reg.pdf>
Package pdftex.def Info: Figures/Plots/Horizon/DAM_Reg.pdf used on input line 2
26.
(pdftex.def)             Requested size: 237.2655pt x 124.93161pt.

<Figures/Plots/Horizon/QHM_Reg.pdf, id=757, 1156.32pt x 608.87473pt>
File: Figures/Plots/Horizon/QHM_Reg.pdf Graphic file (type pdf)

<use Figures/Plots/Horizon/QHM_Reg.pdf>
Package pdftex.def Info: Figures/Plots/Horizon/QHM_Reg.pdf used on input line 2
27.
(pdftex.def)             Requested size: 237.2655pt x 124.93161pt.

<Figures/Plots/Horizon/SOC.pdf, id=758, 1156.32pt x 608.87473pt>
File: Figures/Plots/Horizon/SOC.pdf Graphic file (type pdf)

<use Figures/Plots/Horizon/SOC.pdf>
Package pdftex.def Info: Figures/Plots/Horizon/SOC.pdf used on input line 232.
(pdftex.def)             Requested size: 237.2655pt x 124.93161pt.

<Figures/Plots/Horizon/P_band.pdf, id=759, 1156.32pt x 608.87473pt>
File: Figures/Plots/Horizon/P_band.pdf Graphic file (type pdf)

<use Figures/Plots/Horizon/P_band.pdf>
Package pdftex.def Info: Figures/Plots/Horizon/P_band.pdf used on input line 23
3.
(pdftex.def)             Requested size: 237.2655pt x 124.93161pt.

<Figures/Plots/Horizon/Rev_E.pdf, id=760, 1156.32pt x 608.87473pt>
File: Figures/Plots/Horizon/Rev_E.pdf Graphic file (type pdf)

<use Figures/Plots/Horizon/Rev_E.pdf>
Package pdftex.def Info: Figures/Plots/Horizon/Rev_E.pdf used on input line 238
.
(pdftex.def)             Requested size: 237.2655pt x 124.93161pt.

<Figures/Plots/Horizon/Rev_Reg.pdf, id=761, 1156.32pt x 608.87473pt>
File: Figures/Plots/Horizon/Rev_Reg.pdf Graphic file (type pdf)

<use Figures/Plots/Horizon/Rev_Reg.pdf>
Package pdftex.def Info: Figures/Plots/Horizon/Rev_Reg.pdf used on input line 2
39.
(pdftex.def)             Requested size: 237.2655pt x 124.93161pt.

<Figures/Plots/Horizon/Rev_Tot.pdf, id=762, 1156.32pt x 608.87473pt>
File: Figures/Plots/Horizon/Rev_Tot.pdf Graphic file (type pdf)

<use Figures/Plots/Horizon/Rev_Tot.pdf>
Package pdftex.def Info: Figures/Plots/Horizon/Rev_Tot.pdf used on input line 2
40.
(pdftex.def)             Requested size: 237.2655pt x 124.93161pt.
 [8 <./Figures/Plots/Horizon/DAM_P.pdf> <./Figures/Plots/Horizon/QHM_P.pdf

pdfTeX warning: /usr/local/texlive/2016/bin/x86_64-darwin/pdflatex (file ./Figu
res/Plots/Horizon/QHM_P.pdf): PDF inclusion: multiple pdfs with page group incl
uded in a single page
> <./Figures/Plots/Horizon/RTM_P.pdf

pdfTeX warning: /usr/local/texlive/2016/bin/x86_64-darwin/pdflatex (file ./Figu
res/Plots/Horizon/RTM_P.pdf): PDF inclusion: multiple pdfs with page group incl
uded in a single page
> <./Figures/Plots/Horizon/DAM_Reg.pdf

pdfTeX warning: /usr/local/texlive/2016/bin/x86_64-darwin/pdflatex (file ./Figu
res/Plots/Horizon/DAM_Reg.pdf): PDF inclusion: multiple pdfs with page group in
cluded in a single page
> <./Figures/Plots/Horizon/QHM_Reg.pdf

pdfTeX warning: /usr/local/texlive/2016/bin/x86_64-darwin/pdflatex (file ./Figu
res/Plots/Horizon/QHM_Reg.pdf): PDF inclusion: multiple pdfs with page group in
cluded in a single page
>] [9 <./Figures/Plots/Horizon/SOC.pdf> <./Figures/Plots/Horizon/P_band.pdf

pdfTeX warning: /usr/local/texlive/2016/bin/x86_64-darwin/pdflatex (file ./Figu
res/Plots/Horizon/P_band.pdf): PDF inclusion: multiple pdfs with page group inc
luded in a single page
> <./Figures/Plots/Horizon/Rev_E.pdf

pdfTeX warning: /usr/local/texlive/2016/bin/x86_64-darwin/pdflatex (file ./Figu
res/Plots/Horizon/Rev_E.pdf): PDF inclusion: multiple pdfs with page group incl
uded in a single page
> <./Figures/Plots/Horizon/Rev_Reg.pdf

pdfTeX warning: /usr/local/texlive/2016/bin/x86_64-darwin/pdflatex (file ./Figu
res/Plots/Horizon/Rev_Reg.pdf): PDF inclusion: multiple pdfs with page group in
cluded in a single page
> <./Figures/Plots/Horizon/Rev_Tot.pdf

pdfTeX warning: /usr/local/texlive/2016/bin/x86_64-darwin/pdflatex (file ./Figu
res/Plots/Horizon/Rev_Tot.pdf): PDF inclusion: multiple pdfs with page group in
cluded in a single page
>]
Overfull \hbox (0.48125pt too wide) in paragraph at lines 252--253
[]\OT1/ppl/m/n/10.95 Figure [][]8[][] and [][]12[][] show the pro-files of the 
rev-enues from the en-ergy and reg-u-la-tion mar-kets through-
 []

[10]
Package atveryend Info: Empty hook `BeforeClearDocument' on input line 270.
 [11]
Package atveryend Info: Empty hook `AfterLastShipout' on input line 270.
 (build/cs719_project.aux)
Package atveryend Info: Executing hook `AtVeryEndDocument' on input line 270.
Package atveryend Info: Executing hook `AtEndAfterFileList' on input line 270.
Package rerunfilecheck Info: File `cs719_project.out' has not changed.
(rerunfilecheck)             Checksum: 42C7F1E0A2CFCF5844DC61CCA873F6F8;571.
Package atveryend Info: Empty hook `AtVeryVeryEnd' on input line 270.
 )
(\end occurred inside a group at level 1)

### simple group (level 1) entered at line 1061 ({)
### bottom level 
Here is how much of TeX's memory you used:
 9154 strings out of 493013
 139481 string characters out of 6133344
 252702 words of memory out of 5000000
 12486 multiletter control sequences out of 15000+600000
 17635 words of font info for 53 fonts, out of 8000000 for 9000
 1141 hyphenation exceptions out of 8191
 42i,11n,43p,1193b,6193s stack positions out of 5000i,500n,10000p,200000b,80000s
{/usr/local/texlive/2016/texmf-dist/fonts/enc/dvips/base/8r.enc
}</usr/local/texlive/2016/texmf-dist/fonts/type1/public/amsfonts/cm/cmex10.pfb>
</usr/local/texlive/2016/texmf-dist/fonts/type1/public/amsfonts/cm/cmmi10.pfb><
/usr/local/texlive/2016/texmf-dist/fonts/type1/public/amsfonts/cm/cmmi6.pfb></u
sr/local/texlive/2016/texmf-dist/fonts/type1/public/amsfonts/cm/cmmi8.pfb></usr
/local/texlive/2016/texmf-dist/fonts/type1/public/amsfonts/cm/cmr10.pfb></usr/l
ocal/texlive/2016/texmf-dist/fonts/type1/public/amsfonts/cm/cmr8.pfb></usr/loca
l/texlive/2016/texmf-dist/fonts/type1/public/amsfonts/cm/cmsy10.pfb></usr/local
/texlive/2016/texmf-dist/fonts/type1/public/amsfonts/cm/cmsy8.pfb></usr/local/t
exlive/2016/texmf-dist/fonts/type1/urw/palatino/uplb8a.pfb></usr/local/texlive/
2016/texmf-dist/fonts/type1/urw/palatino/uplr8a.pfb>
Output written on build/cs719_project.pdf (11 pages, 1306484 bytes).
PDF statistics:
 1202 PDF objects out of 1440 (max. 8388607)
 380 compressed objects within 4 object streams
 68 named destinations out of 1000 (max. 500000)
 208 words of extra memory for PDF output out of 10000 (max. 10000000)

