\BOOKMARK [1][-]{section.1}{Introduction}{}% 1
\BOOKMARK [1][-]{section.2}{Problem Definition and Decision-Making Setting}{}% 2
\BOOKMARK [1][-]{section.3}{Optimization Model for Building-Battery System}{}% 3
\BOOKMARK [2][-]{subsection.3.1}{Deterministic Setting}{section.3}% 4
\BOOKMARK [3][-]{subsubsection.3.1.1}{Sets used in the model}{subsection.3.1}% 5
\BOOKMARK [3][-]{subsubsection.3.1.2}{Time discretization used in the model}{subsection.3.1}% 6
\BOOKMARK [3][-]{subsubsection.3.1.3}{Parameters in the model}{subsection.3.1}% 7
\BOOKMARK [3][-]{subsubsection.3.1.4}{Variables in the model:}{subsection.3.1}% 8
\BOOKMARK [3][-]{subsubsection.3.1.5}{Constraints and objective function}{subsection.3.1}% 9
\BOOKMARK [2][-]{subsection.3.2}{Optimization Model Under Uncertainty}{section.3}% 10
\BOOKMARK [3][-]{subsubsection.3.2.1}{Variables in the extensive form model}{subsection.3.2}% 11
\BOOKMARK [3][-]{subsubsection.3.2.2}{Constraints and objective function}{subsection.3.2}% 12
\BOOKMARK [1][-]{section.4}{Computational Experiments}{}% 13
\BOOKMARK [2][-]{subsection.4.1}{Studies with Two-Stage Approximations}{section.4}% 14
\BOOKMARK [3][-]{subsubsection.4.1.1}{Economic Potential of Different Timescales of Electricity Markets}{subsection.4.1}% 15
\BOOKMARK [3][-]{subsubsection.4.1.2}{Bounds on Sample Average Approximation}{subsection.4.1}% 16
\BOOKMARK [2][-]{subsection.4.2}{Multi-Stage Approaches}{section.4}% 17
\BOOKMARK [3][-]{subsubsection.4.2.1}{Stochastic Dual Dynamic Programming}{subsection.4.2}% 18
\BOOKMARK [2][-]{subsection.4.3}{Receding Horizon Scheme}{section.4}% 19
\BOOKMARK [1][-]{section.5}{Conclusions}{}% 20
\BOOKMARK [1][-]{section.6}{Future Work}{}% 21
\BOOKMARK [2][-]{subsection.6.1}{Price Uncertainty}{section.6}% 22
\BOOKMARK [2][-]{subsection.6.2}{Three Layer Markets}{section.6}% 23
